========================================
  Game Log - 2026-01-10 21:57:23.522
========================================

[2026-01-10 21:57:23.522] [INFO ] [main.cpp:13] ========================================
[2026-01-10 21:57:23.522] [INFO ] [main.cpp:14] === RETRO GAME RUNTIME STARTING ===
[2026-01-10 21:57:23.522] [INFO ] [main.cpp:15] ========================================
[2026-01-10 21:57:23.522] [INFO ] [RuntimeApp.cpp:32] === RetroGame Runtime Starting ===
[2026-01-10 21:57:23.522] [INFO ] [RuntimeApp.cpp:183] [RuntimeApp] Initializing SDL...
[2026-01-10 21:57:23.880] [INFO ] [RuntimeApp.cpp:223] [RuntimeApp] SDL initialized successfully
[2026-01-10 21:57:23.880] [INFO ] [RuntimeApp.cpp:228] [RuntimeApp] Initializing OpenGL...
[2026-01-10 21:57:23.884] [INFO ] [RuntimeApp.cpp:239] OpenGL Version: 3.3.0 NVIDIA 591.44
[2026-01-10 21:57:23.884] [INFO ] [RuntimeApp.cpp:240] GLSL Version: 3.30 NVIDIA via Cg compiler
[2026-01-10 21:57:23.884] [INFO ] [RuntimeApp.cpp:241] Renderer: NVIDIA GeForce RTX 5080/PCIe/SSE2
[2026-01-10 21:57:23.884] [INFO ] [RuntimeApp.cpp:255] [RuntimeApp] OpenGL initialized successfully
[2026-01-10 21:57:23.884] [INFO ] [RuntimeApp.cpp:260] [RuntimeApp] Initializing Physics...
[2026-01-10 21:57:23.893] [INFO ] [RuntimeApp.cpp:268] [RuntimeApp] PhysX running on CPU
[2026-01-10 21:57:23.893] [INFO ] [RuntimeApp.cpp:271] [RuntimeApp] Physics initialized successfully
[2026-01-10 21:57:23.893] [INFO ] [RuntimeApp.cpp:50] [RuntimeApp] Loading game data...
[2026-01-10 21:57:23.894] [INFO ] [RuntimeApp.cpp:58] [RuntimeApp] Loaded: 0 scenes, 0 dialogs, 0 quests, 0 items, 0 npcs
[2026-01-10 21:57:23.894] [INFO ] [RuntimeApp.cpp:276] [RuntimeApp] Loading world...
[2026-01-10 21:57:23.894] [INFO ] [RuntimeWorld.cpp:28] [RuntimeWorld] Loading world from JSON...
[2026-01-10 21:57:23.894] [INFO ] [RuntimeWorld.cpp:37] [RuntimeWorld] Loading scenes...
[2026-01-10 21:57:23.894] [INFO ] [RuntimeWorld.cpp:59] [RuntimeWorld] Loading world from assets/data/world.json...
[2026-01-10 21:57:23.894] [WARN ] [RuntimeWorld.cpp:64] [RuntimeWorld] world.json not found, loading scenes.json directly...
[2026-01-10 21:57:23.894] [WARN ] [RuntimeWorld.cpp:69] [RuntimeWorld] scenes.json not found, creating default scene
[2026-01-10 21:57:23.894] [INFO ] [RuntimeWorld.cpp:87] [RuntimeWorld] Default scene created
[2026-01-10 21:57:23.894] [INFO ] [RuntimeWorld.cpp:42] [RuntimeWorld] Scenes loaded, creating ground plane...
[2026-01-10 21:57:23.894] [INFO ] [RuntimeWorld.cpp:369] [RuntimeWorld] Creating ground plane...
[2026-01-10 21:57:23.894] [INFO ] [RuntimeWorld.cpp:388] [RuntimeWorld] Ground plane created (top surface at Y=0, 100x1x100 units)
[2026-01-10 21:57:23.894] [INFO ] [RuntimeWorld.cpp:49] [RuntimeWorld] Ground plane created successfully
[2026-01-10 21:57:23.894] [INFO ] [RuntimeWorld.cpp:419] [RuntimeWorld] Created 0 NPC colliders
[2026-01-10 21:57:23.894] [INFO ] [RuntimeWorld.cpp:54] [RuntimeWorld] World loaded successfully
[2026-01-10 21:57:23.894] [INFO ] [RuntimeApp.cpp:292] [RuntimeApp] World loaded successfully - Active scene: TestScene
[2026-01-10 21:57:23.894] [INFO ] [RuntimeApp.cpp:308] [RuntimeApp] Spawning player...
[2026-01-10 21:57:23.894] [INFO ] [CharacterController3DComponent.cpp:64] [CharacterController3D] Initialized at (0.000000, 2.000000, 0.000000)
[2026-01-10 21:57:23.894] [INFO ] [RuntimeApp.cpp:350] [RuntimeApp] Player spawned at (0.000000, 2.000000, 0.000000)
[2026-01-10 21:57:23.894] [INFO ] [RuntimeRenderer.cpp:29] [RuntimeRenderer] Initializing...
[2026-01-10 21:57:23.894] [INFO ] [RuntimeRenderer.cpp:277] [RuntimeRenderer] Loading shaders...
[2026-01-10 21:57:23.897] [INFO ] [RuntimeRenderer.cpp:673] [RuntimeRenderer] Loading sprite shader...
[2026-01-10 21:57:23.897] [INFO ] [RuntimeRenderer.cpp:353] [RuntimeRenderer] Creating grid mesh (same as editor)...
[2026-01-10 21:57:23.898] [INFO ] [RuntimeRenderer.cpp:455] [RuntimeRenderer] Grid mesh created (42 lines)
[2026-01-10 21:57:23.898] [INFO ] [RuntimeRenderer.cpp:459] [RuntimeRenderer] Creating player mesh...
[2026-01-10 21:57:23.898] [INFO ] [RuntimeRenderer.cpp:538] [RuntimeRenderer] Player mesh created
[2026-01-10 21:57:23.898] [INFO ] [RuntimeRenderer.cpp:542] [RuntimeRenderer] Creating NPC mesh...
[2026-01-10 21:57:23.898] [INFO ] [RuntimeRenderer.cpp:621] [RuntimeRenderer] NPC mesh created
[2026-01-10 21:57:23.898] [INFO ] [RuntimeRenderer.cpp:720] [RuntimeRenderer] Creating sprite mesh...
[2026-01-10 21:57:23.898] [INFO ] [RuntimeRenderer.cpp:758] [RuntimeRenderer] Sprite mesh created
[2026-01-10 21:57:23.898] [INFO ] [RuntimeRenderer.cpp:841] [RuntimeRenderer] Creating background mesh...
[2026-01-10 21:57:23.898] [INFO ] [RuntimeRenderer.cpp:900] [RuntimeRenderer] Background mesh created
[2026-01-10 21:57:23.899] [WARN ] [RuntimeRenderer.cpp:935] [RuntimeRenderer] Failed to load font, trying default path
[2026-01-10 21:57:23.900] [INFO ] [RuntimeRenderer.cpp:940] [RuntimeRenderer] Font loaded for labels
[2026-01-10 21:57:23.900] [INFO ] [RuntimeRenderer.cpp:47] [RuntimeRenderer] Initialized successfully
[2026-01-10 21:57:23.900] [INFO ] [RuntimeDialogSystem.cpp:43] [RuntimeDialogSystem] Loaded 0 dialogs
[2026-01-10 21:57:23.900] [INFO ] [RuntimeQuestSystem.cpp:44] [RuntimeQuestSystem] Loaded 0 quests
[2026-01-10 21:57:23.900] [INFO ] [RuntimeInventory.cpp:29] [RuntimeInventory] Loaded 0 item definitions
[2026-01-10 21:57:23.900] [INFO ] [RuntimeApp.cpp:104] === RetroGame Runtime Initialized ===
[2026-01-10 21:57:23.900] [INFO ] [RuntimeApp.cpp:109] === Starting Game Loop ===
[2026-01-10 21:57:23.900] [INFO ] [RuntimeApp.cpp:125] [RuntimeApp] Frame 0 - handleInput...
[2026-01-10 21:57:23.900] [INFO ] [RuntimeApp.cpp:130] [RuntimeApp] Frame 0 - update...
[2026-01-10 21:57:23.900] [INFO ] [RuntimeApp.cpp:135] [RuntimeApp] Frame 0 - render...
[2026-01-10 21:57:23.901] [INFO ] [RuntimeRenderer.cpp:128] [RuntimeRenderer] Scene has 1 actors
[2026-01-10 21:57:23.901] [INFO ] [RuntimeRenderer.cpp:208] [RuntimeRenderer] Rendering 'PlayerStart' at (0.000000, 2.000000, 0.000000)
[2026-01-10 21:57:23.901] [INFO ] [RuntimeRenderer.cpp:225] [RuntimeRenderer] Rendered 1 actors
[2026-01-10 21:57:23.916] [INFO ] [RuntimeApp.cpp:125] [RuntimeApp] Frame 1 - handleInput...
[2026-01-10 21:57:23.916] [INFO ] [RuntimeApp.cpp:130] [RuntimeApp] Frame 1 - update...
[2026-01-10 21:57:23.916] [INFO ] [RuntimeApp.cpp:135] [RuntimeApp] Frame 1 - render...
[2026-01-10 21:57:23.932] [INFO ] [RuntimeApp.cpp:125] [RuntimeApp] Frame 2 - handleInput...
[2026-01-10 21:57:23.932] [INFO ] [RuntimeApp.cpp:130] [RuntimeApp] Frame 2 - update...
[2026-01-10 21:57:23.932] [INFO ] [RuntimeApp.cpp:135] [RuntimeApp] Frame 2 - render...
