========================================
  Game Log - 2026-01-09 17:29:42.386
========================================

[2026-01-09 17:29:42.387] [INFO ] [main.cpp:13] ========================================
[2026-01-09 17:29:42.387] [INFO ] [main.cpp:14] === RETRO GAME RUNTIME STARTING ===
[2026-01-09 17:29:42.387] [INFO ] [main.cpp:15] ========================================
[2026-01-09 17:29:42.387] [INFO ] [RuntimeApp.cpp:25] === RetroGame Runtime Starting ===
[2026-01-09 17:29:42.387] [INFO ] [RuntimeApp.cpp:138] [RuntimeApp] Initializing SDL...
[2026-01-09 17:29:42.706] [INFO ] [RuntimeApp.cpp:178] [RuntimeApp] SDL initialized successfully
[2026-01-09 17:29:42.706] [INFO ] [RuntimeApp.cpp:183] [RuntimeApp] Initializing OpenGL...
[2026-01-09 17:29:42.710] [INFO ] [RuntimeApp.cpp:194] OpenGL Version: 3.3.0 NVIDIA 591.44
[2026-01-09 17:29:42.710] [INFO ] [RuntimeApp.cpp:195] GLSL Version: 3.30 NVIDIA via Cg compiler
[2026-01-09 17:29:42.710] [INFO ] [RuntimeApp.cpp:196] Renderer: NVIDIA GeForce RTX 5080/PCIe/SSE2
[2026-01-09 17:29:42.710] [INFO ] [RuntimeApp.cpp:210] [RuntimeApp] OpenGL initialized successfully
[2026-01-09 17:29:42.710] [INFO ] [RuntimeApp.cpp:215] [RuntimeApp] Initializing Physics...
[2026-01-09 17:29:42.718] [INFO ] [RuntimeApp.cpp:223] [RuntimeApp] PhysX running on CPU
[2026-01-09 17:29:42.718] [INFO ] [RuntimeApp.cpp:226] [RuntimeApp] Physics initialized successfully
[2026-01-09 17:29:42.718] [INFO ] [RuntimeApp.cpp:231] [RuntimeApp] Loading world...
[2026-01-09 17:29:42.719] [INFO ] [RuntimeWorld.cpp:25] [RuntimeWorld] Loading world from JSON...
[2026-01-09 17:29:42.719] [INFO ] [RuntimeWorld.cpp:32] [RuntimeWorld] Loading scenes...
[2026-01-09 17:29:42.719] [INFO ] [RuntimeWorld.cpp:51] [RuntimeWorld] Loading world from assets/data/world.json...
[2026-01-09 17:29:42.720] [INFO ] [RuntimeWorld.cpp:195] [RuntimeWorld] Added PlayerStart at (3.200000, 2.000000, 3.000000)
[2026-01-09 17:29:42.721] [INFO ] [RuntimeWorld.cpp:225] [RuntimeWorld] Added NPC: Bartender
[2026-01-09 17:29:42.721] [INFO ] [RuntimeWorld.cpp:225] [RuntimeWorld] Added NPC: Drunk Patron
[2026-01-09 17:29:42.721] [INFO ] [RuntimeWorld.cpp:136] [RuntimeWorld] Loaded scene: tavern
[2026-01-09 17:29:42.721] [INFO ] [RuntimeWorld.cpp:195] [RuntimeWorld] Added PlayerStart at (1.000000, 2.000000, 3.000000)
[2026-01-09 17:29:42.721] [INFO ] [RuntimeWorld.cpp:225] [RuntimeWorld] Added NPC: Mysterious Stranger
[2026-01-09 17:29:42.721] [INFO ] [RuntimeWorld.cpp:225] [RuntimeWorld] Added NPC: Town Guard
[2026-01-09 17:29:42.721] [INFO ] [RuntimeWorld.cpp:225] [RuntimeWorld] Added NPC: Mysterious Cat
[2026-01-09 17:29:42.721] [INFO ] [RuntimeWorld.cpp:136] [RuntimeWorld] Loaded scene: street
[2026-01-09 17:29:42.722] [INFO ] [RuntimeWorld.cpp:167] [RuntimeWorld] Loaded 1 levels
[2026-01-09 17:29:42.722] [INFO ] [RuntimeWorld.cpp:37] [RuntimeWorld] Scenes loaded, creating ground plane...
[2026-01-09 17:29:42.722] [INFO ] [RuntimeWorld.cpp:241] [RuntimeWorld] Creating ground plane...
[2026-01-09 17:29:42.722] [INFO ] [RuntimeWorld.cpp:260] [RuntimeWorld] Ground plane created (top surface at Y=0, 100x1x100 units)
[2026-01-09 17:29:42.722] [INFO ] [RuntimeWorld.cpp:44] [RuntimeWorld] Ground plane created successfully
[2026-01-09 17:29:42.722] [INFO ] [RuntimeWorld.cpp:46] [RuntimeWorld] World loaded successfully
[2026-01-09 17:29:42.722] [INFO ] [RuntimeApp.cpp:247] [RuntimeApp] World loaded successfully - Active scene: Tavern
[2026-01-09 17:29:42.722] [INFO ] [RuntimeApp.cpp:252] [RuntimeApp] Spawning player...
[2026-01-09 17:29:42.722] [INFO ] [CharacterController3DComponent.cpp:64] [CharacterController3D] Initialized at (3.200000, 2.000000, 3.000000)
[2026-01-09 17:29:42.723] [INFO ] [RuntimeApp.cpp:294] [RuntimeApp] Player spawned at (3.200000, 2.000000, 3.000000)
[2026-01-09 17:29:42.723] [INFO ] [RuntimeRenderer.cpp:22] [RuntimeRenderer] Initializing...
[2026-01-09 17:29:42.723] [INFO ] [RuntimeRenderer.cpp:102] [RuntimeRenderer] Loading shaders...
[2026-01-09 17:29:42.725] [INFO ] [RuntimeRenderer.cpp:175] [RuntimeRenderer] Creating ground mesh...
[2026-01-09 17:29:42.725] [INFO ] [RuntimeRenderer.cpp:258] [RuntimeRenderer] Ground mesh created (2400 indices)
[2026-01-09 17:29:42.725] [INFO ] [RuntimeRenderer.cpp:262] [RuntimeRenderer] Creating player mesh...
[2026-01-09 17:29:42.725] [INFO ] [RuntimeRenderer.cpp:341] [RuntimeRenderer] Player mesh created
[2026-01-09 17:29:42.725] [INFO ] [RuntimeRenderer.cpp:32] [RuntimeRenderer] Initialized successfully
[2026-01-09 17:29:42.726] [INFO ] [RuntimeApp.cpp:59] === RetroGame Runtime Initialized ===
[2026-01-09 17:29:42.726] [INFO ] [RuntimeApp.cpp:64] === Starting Game Loop ===
[2026-01-09 17:29:42.726] [INFO ] [RuntimeApp.cpp:80] [RuntimeApp] Frame 0 - handleInput...
[2026-01-09 17:29:42.726] [INFO ] [RuntimeApp.cpp:85] [RuntimeApp] Frame 0 - update...
[2026-01-09 17:29:42.727] [INFO ] [RuntimeApp.cpp:90] [RuntimeApp] Frame 0 - render...
[2026-01-09 17:29:42.743] [INFO ] [RuntimeApp.cpp:80] [RuntimeApp] Frame 1 - handleInput...
[2026-01-09 17:29:42.744] [INFO ] [RuntimeApp.cpp:85] [RuntimeApp] Frame 1 - update...
[2026-01-09 17:29:42.744] [INFO ] [RuntimeApp.cpp:90] [RuntimeApp] Frame 1 - render...
[2026-01-09 17:29:42.759] [INFO ] [RuntimeApp.cpp:80] [RuntimeApp] Frame 2 - handleInput...
[2026-01-09 17:29:42.759] [INFO ] [RuntimeApp.cpp:85] [RuntimeApp] Frame 2 - update...
[2026-01-09 17:29:42.759] [INFO ] [RuntimeApp.cpp:90] [RuntimeApp] Frame 2 - render...
[2026-01-09 17:29:42.776] [INFO ] [RuntimeApp.cpp:80] [RuntimeApp] Frame 3 - handleInput...
[2026-01-09 17:29:42.776] [INFO ] [RuntimeApp.cpp:85] [RuntimeApp] Frame 3 - update...
[2026-01-09 17:29:42.776] [INFO ] [RuntimeApp.cpp:90] [RuntimeApp] Frame 3 - render...
[2026-01-09 17:29:42.793] [INFO ] [RuntimeApp.cpp:80] [RuntimeApp] Frame 4 - handleInput...
[2026-01-09 17:29:42.793] [INFO ] [RuntimeApp.cpp:85] [RuntimeApp] Frame 4 - update...
[2026-01-09 17:29:42.793] [INFO ] [RuntimeApp.cpp:90] [RuntimeApp] Frame 4 - render...
[2026-01-09 17:29:43.889] [INFO ] [RuntimeApp.cpp:98] [RuntimeApp] Frame 60, FPS: 50.000000
[2026-01-09 17:29:45.090] [INFO ] [RuntimeApp.cpp:98] [RuntimeApp] Frame 120, FPS: 52.631580
[2026-01-09 17:29:46.290] [INFO ] [RuntimeApp.cpp:98] [RuntimeApp] Frame 180, FPS: 50.000000
[2026-01-09 17:29:47.490] [INFO ] [RuntimeApp.cpp:98] [RuntimeApp] Frame 240, FPS: 50.000000
[2026-01-09 17:29:48.691] [INFO ] [RuntimeApp.cpp:98] [RuntimeApp] Frame 300, FPS: 50.000000
[2026-01-09 17:29:49.411] [INFO ] [RuntimeApp.cpp:108] === Game Loop Ended (336 frames) ===
[2026-01-09 17:29:49.411] [INFO ] [RuntimeApp.cpp:112] === RetroGame Runtime Shutting Down ===
[2026-01-09 17:29:49.450] [INFO ] [RuntimeApp.cpp:134] === RetroGame Runtime Shutdown Complete ===
[2026-01-09 17:29:49.450] [INFO ] [main.cpp:27] ========================================
[2026-01-09 17:29:49.450] [INFO ] [main.cpp:28] === RETRO GAME RUNTIME SHUTDOWN ===
[2026-01-09 17:29:49.451] [INFO ] [main.cpp:29] ========================================
[2026-01-09 17:29:49.451] [INFO ] [RuntimeApp.cpp:112] === RetroGame Runtime Shutting Down ===
[2026-01-09 17:29:49.451] [INFO ] [RuntimeApp.cpp:134] === RetroGame Runtime Shutdown Complete ===

========================================
  Log ended - 2026-01-09 17:29:49.451
========================================
