========================================
  Game Log - 2026-01-10 22:31:37.975
========================================

[2026-01-10 22:31:37.975] [INFO ] [main.cpp:13] ========================================
[2026-01-10 22:31:37.975] [INFO ] [main.cpp:14] === RETRO GAME RUNTIME STARTING ===
[2026-01-10 22:31:37.975] [INFO ] [main.cpp:15] ========================================
[2026-01-10 22:31:37.975] [INFO ] [RuntimeApp.cpp:40] === RetroGame Runtime Starting ===
[2026-01-10 22:31:37.975] [INFO ] [RuntimeApp.cpp:215] [RuntimeApp] Initializing SDL...
[2026-01-10 22:31:38.328] [INFO ] [RuntimeApp.cpp:255] [RuntimeApp] SDL initialized successfully
[2026-01-10 22:31:38.328] [INFO ] [RuntimeApp.cpp:260] [RuntimeApp] Initializing OpenGL...
[2026-01-10 22:31:38.331] [INFO ] [RuntimeApp.cpp:271] OpenGL Version: 3.3.0 NVIDIA 591.44
[2026-01-10 22:31:38.331] [INFO ] [RuntimeApp.cpp:272] GLSL Version: 3.30 NVIDIA via Cg compiler
[2026-01-10 22:31:38.331] [INFO ] [RuntimeApp.cpp:273] Renderer: NVIDIA GeForce RTX 5080/PCIe/SSE2
[2026-01-10 22:31:38.331] [INFO ] [RuntimeApp.cpp:287] [RuntimeApp] OpenGL initialized successfully
[2026-01-10 22:31:38.331] [INFO ] [RuntimeApp.cpp:292] [RuntimeApp] Initializing Physics...
[2026-01-10 22:31:38.339] [INFO ] [RuntimeApp.cpp:300] [RuntimeApp] PhysX running on CPU
[2026-01-10 22:31:38.339] [INFO ] [RuntimeApp.cpp:303] [RuntimeApp] Physics initialized successfully
[2026-01-10 22:31:38.339] [INFO ] [RuntimeApp.cpp:58] [RuntimeApp] Loading game data...
[2026-01-10 22:31:38.340] [INFO ] [RuntimeApp.cpp:66] [RuntimeApp] Loaded: 3 scenes, 8 dialogs, 7 quests, 21 items, 8 npcs
[2026-01-10 22:31:38.340] [INFO ] [RuntimeApp.cpp:308] [RuntimeApp] Loading world...
[2026-01-10 22:31:38.340] [INFO ] [RuntimeWorld.cpp:28] [RuntimeWorld] Loading world from JSON...
[2026-01-10 22:31:38.340] [INFO ] [RuntimeWorld.cpp:37] [RuntimeWorld] Loading scenes...
[2026-01-10 22:31:38.340] [INFO ] [RuntimeWorld.cpp:59] [RuntimeWorld] Loading world from assets/data/world.json...
[2026-01-10 22:31:38.340] [INFO ] [RuntimeWorld.cpp:289] [RuntimeWorld] No actors array - using legacy loading
[2026-01-10 22:31:38.340] [INFO ] [RuntimeWorld.cpp:303] [RuntimeWorld] Added PlayerStart at (3.200000, 2.000000, 3.000000)
[2026-01-10 22:31:38.340] [INFO ] [RuntimeWorld.cpp:332] [RuntimeWorld] NPC 'Bartender' dialogId = 'bartender_intro'
[2026-01-10 22:31:38.340] [INFO ] [RuntimeWorld.cpp:341] [RuntimeWorld] Added NPC: Bartender
[2026-01-10 22:31:38.340] [INFO ] [RuntimeWorld.cpp:332] [RuntimeWorld] NPC 'Drunk Patron' dialogId = 'drunk_hints'
[2026-01-10 22:31:38.340] [INFO ] [RuntimeWorld.cpp:341] [RuntimeWorld] Added NPC: Drunk Patron
[2026-01-10 22:31:38.340] [INFO ] [RuntimeWorld.cpp:369] [RuntimeWorld] Added hotspot: Tavern Door (exit)
[2026-01-10 22:31:38.340] [INFO ] [RuntimeWorld.cpp:486] [RuntimeWorld] Added scene exit: Tavern Door -> street
[2026-01-10 22:31:38.340] [INFO ] [RuntimeWorld.cpp:183] [RuntimeWorld] Loaded scene: tavern in level: act1_town
[2026-01-10 22:31:38.340] [INFO ] [RuntimeWorld.cpp:289] [RuntimeWorld] No actors array - using legacy loading
[2026-01-10 22:31:38.340] [INFO ] [RuntimeWorld.cpp:303] [RuntimeWorld] Added PlayerStart at (1.000000, 2.000000, 3.000000)
[2026-01-10 22:31:38.340] [INFO ] [RuntimeWorld.cpp:332] [RuntimeWorld] NPC 'Mysterious Stranger' dialogId = 'stranger_intro'
[2026-01-10 22:31:38.340] [INFO ] [RuntimeWorld.cpp:341] [RuntimeWorld] Added NPC: Mysterious Stranger
[2026-01-10 22:31:38.340] [INFO ] [RuntimeWorld.cpp:332] [RuntimeWorld] NPC 'Town Guard' dialogId = 'guard_intro'
[2026-01-10 22:31:38.340] [INFO ] [RuntimeWorld.cpp:341] [RuntimeWorld] Added NPC: Town Guard
[2026-01-10 22:31:38.340] [INFO ] [RuntimeWorld.cpp:332] [RuntimeWorld] NPC 'Mysterious Cat' dialogId = 'cat_meow'
[2026-01-10 22:31:38.340] [INFO ] [RuntimeWorld.cpp:341] [RuntimeWorld] Added NPC: Mysterious Cat
[2026-01-10 22:31:38.340] [INFO ] [RuntimeWorld.cpp:369] [RuntimeWorld] Added hotspot: Tavern Door (exit)
[2026-01-10 22:31:38.340] [INFO ] [RuntimeWorld.cpp:369] [RuntimeWorld] Added hotspot: Forest Path (exit)
[2026-01-10 22:31:38.340] [INFO ] [RuntimeWorld.cpp:486] [RuntimeWorld] Added scene exit: Tavern Door -> tavern
[2026-01-10 22:31:38.340] [INFO ] [RuntimeWorld.cpp:484] [RuntimeWorld] Added level exit: Forest Path -> act2_wilderness/forest
[2026-01-10 22:31:38.340] [INFO ] [RuntimeWorld.cpp:183] [RuntimeWorld] Loaded scene: street in level: act1_town
[2026-01-10 22:31:38.340] [INFO ] [RuntimeWorld.cpp:289] [RuntimeWorld] No actors array - using legacy loading
[2026-01-10 22:31:38.340] [INFO ] [RuntimeWorld.cpp:303] [RuntimeWorld] Added PlayerStart at (1.000000, 2.000000, 3.000000)
[2026-01-10 22:31:38.340] [INFO ] [RuntimeWorld.cpp:332] [RuntimeWorld] NPC 'Forest Hermit' dialogId = 'hermit_intro'
[2026-01-10 22:31:38.340] [INFO ] [RuntimeWorld.cpp:341] [RuntimeWorld] Added NPC: Forest Hermit
[2026-01-10 22:31:38.340] [INFO ] [RuntimeWorld.cpp:369] [RuntimeWorld] Added hotspot: Path to Town (exit)
[2026-01-10 22:31:38.340] [INFO ] [RuntimeWorld.cpp:484] [RuntimeWorld] Added level exit: Path to Town -> act1_town/street
[2026-01-10 22:31:38.340] [INFO ] [RuntimeWorld.cpp:183] [RuntimeWorld] Loaded scene: forest in level: act2_wilderness
[2026-01-10 22:31:38.340] [INFO ] [RuntimeWorld.cpp:214] [RuntimeWorld] Loaded 2 levels
[2026-01-10 22:31:38.340] [INFO ] [RuntimeWorld.cpp:42] [RuntimeWorld] Scenes loaded, creating ground plane...
[2026-01-10 22:31:38.340] [INFO ] [RuntimeWorld.cpp:378] [RuntimeWorld] Creating ground plane...
[2026-01-10 22:31:38.340] [INFO ] [RuntimeWorld.cpp:397] [RuntimeWorld] Ground plane created (top surface at Y=0, 100x1x100 units)
[2026-01-10 22:31:38.340] [INFO ] [RuntimeWorld.cpp:49] [RuntimeWorld] Ground plane created successfully
[2026-01-10 22:31:38.340] [INFO ] [RuntimeWorld.cpp:428] [RuntimeWorld] Created 2 NPC colliders
[2026-01-10 22:31:38.340] [INFO ] [RuntimeWorld.cpp:54] [RuntimeWorld] World loaded successfully
[2026-01-10 22:31:38.340] [INFO ] [RuntimeApp.cpp:324] [RuntimeApp] World loaded successfully - Active scene: Tavern
[2026-01-10 22:31:38.340] [INFO ] [RuntimeApp.cpp:331] [RuntimeApp] Scene background: assets/backgrounds/tavern-inside.png
[2026-01-10 22:31:38.340] [INFO ] [RuntimeApp.cpp:340] [RuntimeApp] Spawning player...
[2026-01-10 22:31:38.341] [INFO ] [CharacterController3DComponent.cpp:64] [CharacterController3D] Initialized at (3.200000, 2.000000, 3.000000)
[2026-01-10 22:31:38.341] [INFO ] [RuntimeApp.cpp:382] [RuntimeApp] Player spawned at (3.200000, 2.000000, 3.000000)
[2026-01-10 22:31:38.341] [INFO ] [RuntimeRenderer.cpp:30] [RuntimeRenderer] Initializing...
[2026-01-10 22:31:38.341] [INFO ] [RuntimeRenderer.cpp:321] [RuntimeRenderer] Loading shaders...
[2026-01-10 22:31:38.344] [INFO ] [RuntimeRenderer.cpp:717] [RuntimeRenderer] Loading sprite shader...
[2026-01-10 22:31:38.344] [INFO ] [RuntimeRenderer.cpp:397] [RuntimeRenderer] Creating grid mesh (same as editor)...
[2026-01-10 22:31:38.344] [INFO ] [RuntimeRenderer.cpp:499] [RuntimeRenderer] Grid mesh created (42 lines)
[2026-01-10 22:31:38.344] [INFO ] [RuntimeRenderer.cpp:503] [RuntimeRenderer] Creating player mesh...
[2026-01-10 22:31:38.344] [INFO ] [RuntimeRenderer.cpp:582] [RuntimeRenderer] Player mesh created
[2026-01-10 22:31:38.344] [INFO ] [RuntimeRenderer.cpp:586] [RuntimeRenderer] Creating NPC mesh...
[2026-01-10 22:31:38.344] [INFO ] [RuntimeRenderer.cpp:665] [RuntimeRenderer] NPC mesh created
[2026-01-10 22:31:38.344] [INFO ] [RuntimeRenderer.cpp:764] [RuntimeRenderer] Creating sprite mesh...
[2026-01-10 22:31:38.344] [INFO ] [RuntimeRenderer.cpp:802] [RuntimeRenderer] Sprite mesh created
[2026-01-10 22:31:38.344] [INFO ] [RuntimeRenderer.cpp:885] [RuntimeRenderer] Creating background mesh...
[2026-01-10 22:31:38.344] [INFO ] [RuntimeRenderer.cpp:944] [RuntimeRenderer] Background mesh created
[2026-01-10 22:31:38.345] [INFO ] [RuntimeRenderer.cpp:984] [RuntimeRenderer] Font loaded for labels
[2026-01-10 22:31:38.345] [INFO ] [RuntimeRenderer.cpp:48] [RuntimeRenderer] Initialized successfully
[2026-01-10 22:31:38.345] [INFO ] [RuntimeDialogSystem.cpp:43] [RuntimeDialogSystem] Loaded 8 dialogs
[2026-01-10 22:31:38.345] [INFO ] [RuntimeQuestSystem.cpp:44] [RuntimeQuestSystem] Loaded 7 quests
[2026-01-10 22:31:38.345] [INFO ] [RuntimeInventory.cpp:29] [RuntimeInventory] Loaded 21 item definitions
[2026-01-10 22:31:38.345] [INFO ] [RuntimeApp.cpp:105] [RuntimeApp] ImGui initialized for dialog UI
[2026-01-10 22:31:38.345] [INFO ] [RuntimeApp.cpp:128] === RetroGame Runtime Initialized ===
[2026-01-10 22:31:38.345] [INFO ] [RuntimeApp.cpp:133] === Starting Game Loop ===
[2026-01-10 22:31:38.345] [INFO ] [RuntimeApp.cpp:149] [RuntimeApp] Frame 0 - handleInput...
[2026-01-10 22:31:38.348] [INFO ] [RuntimeApp.cpp:154] [RuntimeApp] Frame 0 - update...
[2026-01-10 22:31:38.348] [INFO ] [RuntimeApp.cpp:159] [RuntimeApp] Frame 0 - render...
