c:\users\calle\documents\github\retro-cplus-game\build\retrocore.dir\release\worldquery.obj
c:\users\calle\documents\github\retro-cplus-game\build\retrocore.dir\release\savesystem.obj
c:\users\calle\documents\github\retro-cplus-game\build\retrocore.dir\release\roommanager.obj
c:\users\calle\documents\github\retro-cplus-game\build\retrocore.dir\release\cutscenesystem.obj
c:\users\calle\documents\github\retro-cplus-game\build\retrocore.dir\release\conditionsystem.obj
c:\users\calle\documents\github\retro-cplus-game\build\retrocore.dir\release\aisystem.obj
c:\users\calle\documents\github\retro-cplus-game\build\retrocore.dir\release\dataloader.obj
c:\users\calle\documents\github\retro-cplus-game\build\retrocore.dir\release\eventbus.obj
c:\users\calle\documents\github\retro-cplus-game\build\retrocore.dir\release\worldstate.obj
c:\users\calle\documents\github\retro-cplus-game\build\retrocore.dir\release\journalsystem.obj
c:\users\calle\documents\github\retro-cplus-game\build\retrocore.dir\release\gatesystem.obj
c:\users\calle\documents\github\retro-cplus-game\build\retrocore.dir\release\recapsystem.obj
c:\users\calle\documents\github\retro-cplus-game\build\retrocore.dir\release\hintsystem.obj
c:\users\calle\documents\github\retro-cplus-game\build\retrocore.dir\release\questsystem.obj
c:\users\calle\documents\github\retro-cplus-game\build\retrocore.dir\release\inventorysystem.obj
c:\users\calle\documents\github\retro-cplus-game\build\retrocore.dir\release\dialogsystem.obj
c:\users\calle\documents\github\retro-cplus-game\build\retrocore.dir\release\videosettings.obj
c:\users\calle\documents\github\retro-cplus-game\build\retrocore.dir\release\room.obj
c:\users\calle\documents\github\retro-cplus-game\build\retrocore.dir\release\input.obj
c:\users\calle\documents\github\retro-cplus-game\build\retrocore.dir\release\renderer.obj
c:\users\calle\documents\github\retro-cplus-game\build\retrocore.dir\release\filewatcher.obj
c:\users\calle\documents\github\retro-cplus-game\build\retrocore.dir\release\logger.obj
c:\users\calle\documents\github\retro-cplus-game\build\retrocore.dir\release\widget.obj
c:\users\calle\documents\github\retro-cplus-game\build\retrocore.dir\release\npc.obj
c:\users\calle\documents\github\retro-cplus-game\build\retrocore.dir\release\playercharacter.obj
c:\users\calle\documents\github\retro-cplus-game\build\retrocore.dir\release\character.obj
c:\users\calle\documents\github\retro-cplus-game\build\retrocore.dir\release\entity.obj
c:\users\calle\documents\github\retro-cplus-game\build\retrocore.dir\release\audiomanager.obj
c:\users\calle\documents\github\retro-cplus-game\build\retrocore.dir\release\transition.obj
c:\users\calle\documents\github\retro-cplus-game\build\retrocore.dir\release\fontmanager.obj
c:\users\calle\documents\github\retro-cplus-game\build\retrocore.dir\release\animation.obj
c:\users\calle\documents\github\retro-cplus-game\build\retrocore.dir\release\spritesheet.obj
c:\users\calle\documents\github\retro-cplus-game\build\retrocore.dir\release\texturemanager.obj
c:\users\calle\documents\github\retro-cplus-game\build\retrocore.dir\release\tiledimporter.obj
c:\users\calle\documents\github\retro-cplus-game\build\cmakefiles\generate.stamp
c:\users\calle\documents\github\retro-cplus-game\build\release\retrocore.lib
c:\users\calle\documents\github\retro-cplus-game\build\retrocore.dir\release\retrocore.tlog\cl.command.1.tlog
c:\users\calle\documents\github\retro-cplus-game\build\retrocore.dir\release\retrocore.tlog\cl.items.tlog
c:\users\calle\documents\github\retro-cplus-game\build\retrocore.dir\release\retrocore.tlog\cl.read.1.tlog
c:\users\calle\documents\github\retro-cplus-game\build\retrocore.dir\release\retrocore.tlog\cl.write.1.tlog
c:\users\calle\documents\github\retro-cplus-game\build\retrocore.dir\release\retrocore.tlog\custombuild.command.1.tlog
c:\users\calle\documents\github\retro-cplus-game\build\retrocore.dir\release\retrocore.tlog\custombuild.read.1.tlog
c:\users\calle\documents\github\retro-cplus-game\build\retrocore.dir\release\retrocore.tlog\custombuild.write.1.tlog
c:\users\calle\documents\github\retro-cplus-game\build\retrocore.dir\release\retrocore.tlog\lib-link.read.1.tlog
c:\users\calle\documents\github\retro-cplus-game\build\retrocore.dir\release\retrocore.tlog\lib-link.write.1.tlog
c:\users\calle\documents\github\retro-cplus-game\build\retrocore.dir\release\retrocore.tlog\lib.command.1.tlog
