c:\users\calle\documents\github\retro-cplus-game\build\retroeditor.dir\release\editorcontext.obj
c:\users\calle\documents\github\retro-cplus-game\build\retroeditor.dir\release\main.obj
c:\users\calle\documents\github\retro-cplus-game\build\retroeditor.dir\release\imgui_impl_sdlrenderer2.obj
c:\users\calle\documents\github\retro-cplus-game\build\retroeditor.dir\release\imgui_impl_sdl2.obj
c:\users\calle\documents\github\retro-cplus-game\build\retroeditor.dir\release\imguimanager.obj
c:\users\calle\documents\github\retro-cplus-game\build\retroeditor.dir\release\consolepanel.obj
c:\users\calle\documents\github\retro-cplus-game\build\retroeditor.dir\release\assetbrowserpanel.obj
c:\users\calle\documents\github\retro-cplus-game\build\retroeditor.dir\release\hierarchypanel.obj
c:\users\calle\documents\github\retro-cplus-game\build\retroeditor.dir\release\viewportpanel.obj
c:\users\calle\documents\github\retro-cplus-game\build\retroeditor.dir\release\propertiespanel.obj
c:\users\calle\documents\github\retro-cplus-game\build\retroeditor.dir\release\game.obj
c:\users\calle\documents\github\retro-cplus-game\build\retroeditor.dir\release\tiledintegration.obj
c:\users\calle\documents\github\retro-cplus-game\build\retroeditor.dir\release\editortabrenderer.obj
c:\users\calle\documents\github\retro-cplus-game\build\retroeditor.dir\release\roomdatamanager.obj
c:\users\calle\documents\github\retro-cplus-game\build\retroeditor.dir\release\playstate.obj
c:\users\calle\documents\github\retro-cplus-game\build\retroeditor.dir\release\editorstate.obj
c:\users\calle\documents\github\retro-cplus-game\build\retroeditor.dir\release\debugeditor.obj
c:\users\calle\documents\github\retro-cplus-game\build\retroeditor.dir\release\visualroomeditor.obj
c:\users\calle\documents\github\retro-cplus-game\build\retroeditor.dir\release\saveloadstate.obj
c:\users\calle\documents\github\retro-cplus-game\build\retroeditor.dir\release\questlogstate.obj
c:\users\calle\documents\github\retro-cplus-game\build\retroeditor.dir\release\inventorystate.obj
c:\users\calle\documents\github\retro-cplus-game\build\retroeditor.dir\release\dialogstate.obj
c:\users\calle\documents\github\retro-cplus-game\build\retroeditor.dir\release\pausestate.obj
c:\users\calle\documents\github\retro-cplus-game\build\retroeditor.dir\release\optionsstate.obj
c:\users\calle\documents\github\retro-cplus-game\build\retroeditor.dir\release\menustate.obj
c:\users\calle\documents\github\retro-cplus-game\build\retroeditor.dir\release\statemanager.obj
c:\users\calle\documents\github\retro-cplus-game\build\retroeditor.dir\release\npcpropertyeditor.obj
c:\users\calle\documents\github\retro-cplus-game\build\retroeditor.dir\release\itempropertyeditor.obj
c:\users\calle\documents\github\retro-cplus-game\build\retroeditor.dir\release\questpropertyeditor.obj
c:\users\calle\documents\github\retro-cplus-game\build\retroeditor.dir\release\dialogpropertyeditor.obj
c:\users\calle\documents\github\retro-cplus-game\build\retroeditor.dir\release\hotspotpropertyeditor.obj
c:\users\calle\documents\github\retro-cplus-game\build\retroeditor.dir\release\roompropertyeditor.obj
c:\users\calle\documents\github\retro-cplus-game\build\retroeditor.dir\release\propertyeditorutils.obj
c:\users\calle\documents\github\retro-cplus-game\build\retroeditor.dir\release\dialoggraphpanel.obj
c:\users\calle\documents\github\retro-cplus-game\build\cmakefiles\generate.stamp
c:\users\calle\documents\github\retro-cplus-game\build\release\retroeditor.exe
c:\users\calle\documents\github\retro-cplus-game\build\retroeditor.dir\release\button.obj
c:\users\calle\documents\github\retro-cplus-game\build\retroeditor.dir\release\editorapp.obj
c:\users\calle\documents\github\retro-cplus-game\build\retroeditor.dir\release\editorcore.obj
c:\users\calle\documents\github\retro-cplus-game\build\retroeditor.dir\release\hotspotcommands.obj
c:\users\calle\documents\github\retro-cplus-game\build\retroeditor.dir\release\listview.obj
c:\users\calle\documents\github\retro-cplus-game\build\retroeditor.dir\release\roompanel.obj
c:\users\calle\documents\github\retro-cplus-game\build\retroeditor.dir\release\startpanel.obj
c:\users\calle\documents\github\retro-cplus-game\build\retroeditor.dir\release\widget.obj
c:\users\calle\documents\github\retro-cplus-game\build\retroeditor.dir\release\retroeditor.tlog\cl.command.1.tlog
c:\users\calle\documents\github\retro-cplus-game\build\retroeditor.dir\release\retroeditor.tlog\cl.items.tlog
c:\users\calle\documents\github\retro-cplus-game\build\retroeditor.dir\release\retroeditor.tlog\cl.read.1.tlog
c:\users\calle\documents\github\retro-cplus-game\build\retroeditor.dir\release\retroeditor.tlog\cl.write.1.tlog
c:\users\calle\documents\github\retro-cplus-game\build\retroeditor.dir\release\retroeditor.tlog\custombuild.command.1.tlog
c:\users\calle\documents\github\retro-cplus-game\build\retroeditor.dir\release\retroeditor.tlog\custombuild.read.1.tlog
c:\users\calle\documents\github\retro-cplus-game\build\retroeditor.dir\release\retroeditor.tlog\custombuild.write.1.tlog
c:\users\calle\documents\github\retro-cplus-game\build\retroeditor.dir\release\retroeditor.tlog\link.command.1.tlog
c:\users\calle\documents\github\retro-cplus-game\build\retroeditor.dir\release\retroeditor.tlog\link.read.1.tlog
c:\users\calle\documents\github\retro-cplus-game\build\retroeditor.dir\release\retroeditor.tlog\link.secondary.1.tlog
c:\users\calle\documents\github\retro-cplus-game\build\retroeditor.dir\release\retroeditor.tlog\link.write.1.tlog
