c:\users\calle\documents\github\retro-cplus-game\build\retrogame.dir\release\main.obj
c:\users\calle\documents\github\retro-cplus-game\build\retrogame.dir\release\playstate.obj
c:\users\calle\documents\github\retro-cplus-game\build\retrogame.dir\release\pausestate.obj
c:\users\calle\documents\github\retro-cplus-game\build\retrogame.dir\release\optionsstate.obj
c:\users\calle\documents\github\retro-cplus-game\build\retrogame.dir\release\menustate.obj
c:\users\calle\documents\github\retro-cplus-game\build\retrogame.dir\release\game.obj
c:\users\calle\documents\github\retro-cplus-game\build\retrogame.dir\release\saveloadstate.obj
c:\users\calle\documents\github\retro-cplus-game\build\retrogame.dir\release\questlogstate.obj
c:\users\calle\documents\github\retro-cplus-game\build\retrogame.dir\release\inventorystate.obj
c:\users\calle\documents\github\retro-cplus-game\build\retrogame.dir\release\dialogstate.obj
c:\users\calle\documents\github\retro-cplus-game\build\retrogame.dir\release\statemanager.obj
c:\users\calle\documents\github\retro-cplus-game\build\cmakefiles\generate.stamp
c:\users\calle\documents\github\retro-cplus-game\build\release\retrogame.exe
c:\users\calle\documents\github\retro-cplus-game\build\retrogame.dir\release\button.obj
c:\users\calle\documents\github\retro-cplus-game\build\retrogame.dir\release\debugeditor.obj
c:\users\calle\documents\github\retro-cplus-game\build\retrogame.dir\release\editorcontext.obj
c:\users\calle\documents\github\retro-cplus-game\build\retrogame.dir\release\editorcore.obj
c:\users\calle\documents\github\retro-cplus-game\build\retrogame.dir\release\editorstate.obj
c:\users\calle\documents\github\retro-cplus-game\build\retrogame.dir\release\editortabrenderer.obj
c:\users\calle\documents\github\retro-cplus-game\build\retrogame.dir\release\hotspotcommands.obj
c:\users\calle\documents\github\retro-cplus-game\build\retrogame.dir\release\listview.obj
c:\users\calle\documents\github\retro-cplus-game\build\retrogame.dir\release\roomdatamanager.obj
c:\users\calle\documents\github\retro-cplus-game\build\retrogame.dir\release\roompanel.obj
c:\users\calle\documents\github\retro-cplus-game\build\retrogame.dir\release\tiledintegration.obj
c:\users\calle\documents\github\retro-cplus-game\build\retrogame.dir\release\visualroomeditor.obj
c:\users\calle\documents\github\retro-cplus-game\build\retrogame.dir\release\widget.obj
c:\users\calle\documents\github\retro-cplus-game\build\retrogame.dir\release\retrogame.tlog\cl.command.1.tlog
c:\users\calle\documents\github\retro-cplus-game\build\retrogame.dir\release\retrogame.tlog\cl.items.tlog
c:\users\calle\documents\github\retro-cplus-game\build\retrogame.dir\release\retrogame.tlog\cl.read.1.tlog
c:\users\calle\documents\github\retro-cplus-game\build\retrogame.dir\release\retrogame.tlog\cl.write.1.tlog
c:\users\calle\documents\github\retro-cplus-game\build\retrogame.dir\release\retrogame.tlog\custombuild.command.1.tlog
c:\users\calle\documents\github\retro-cplus-game\build\retrogame.dir\release\retrogame.tlog\custombuild.read.1.tlog
c:\users\calle\documents\github\retro-cplus-game\build\retrogame.dir\release\retrogame.tlog\custombuild.write.1.tlog
c:\users\calle\documents\github\retro-cplus-game\build\retrogame.dir\release\retrogame.tlog\link.command.1.tlog
c:\users\calle\documents\github\retro-cplus-game\build\retrogame.dir\release\retrogame.tlog\link.read.1.tlog
c:\users\calle\documents\github\retro-cplus-game\build\retrogame.dir\release\retrogame.tlog\link.secondary.1.tlog
c:\users\calle\documents\github\retro-cplus-game\build\retrogame.dir\release\retrogame.tlog\link.write.1.tlog
