Detecting compiler hash for triplet x64-windows...
Compiler found: C:/Program Files/Microsoft Visual Studio/2022/Community/VC/Tools/MSVC/14.44.35207/bin/Hostx64/x64/cl.exe
The following packages are already installed:
    box2d:x64-windows@3.1.1
  * brotli:x64-windows@1.2.0
  * bzip2[core,tool]:x64-windows@1.0.8#6
  * freetype[brotli,bzip2,core,png,zlib]:x64-windows@2.13.3
    imgui[core,docking-experimental]:x64-windows@1.91.9
    imguizmo:x64-windows@2024-05-29#1
    implot:x64-windows@0.17
  * libogg:x64-windows@1.3.6#1
  * libpng:x64-windows@1.6.53
  * libvorbis:x64-windows@1.3.7#4
    nativefiledialog-extended:x64-windows@1.2.1
    nlohmann-json:x64-windows@3.12.0#1
    sdl2:x64-windows@2.32.10
    sdl2-image:x64-windows@2.8.8#2
    sdl2-mixer[core,wavpack]:x64-windows@2.8.1#2
    sdl2-ttf:x64-windows@2.24.0
  * vcpkg-cmake:x64-windows@2024-04-23
  * vcpkg-cmake-config:x64-windows@2024-05-23
  * wavpack:x64-windows@5.8.1#2
  * zlib:x64-windows@1.3.1
The following packages will be built and installed:
    glm:x64-windows@1.0.2
Restored 0 package(s) from C:\Users\Calle\AppData\Local\vcpkg\archives in 48.8 us. Use --debug to see more details.
Installing 1/1 glm:x64-windows@1.0.2...
Building glm:x64-windows@1.0.2...
-- Note: glm only supports static library linkage. Building static library.
Downloading https://github.com/g-truc/glm/archive/1.0.2.tar.gz -> g-truc-glm-1.0.2.tar.gz
Successfully downloaded g-truc-glm-1.0.2.tar.gz
-- Extracting source C:/vcpkg/downloads/g-truc-glm-1.0.2.tar.gz
-- Using source at C:/vcpkg/buildtrees/glm/src/1.0.2-ce26a2ea41.clean
-- Configuring x64-windows
-- Building x64-windows-dbg
-- Building x64-windows-rel
-- Installing: C:/vcpkg/packages/glm_x64-windows/share/glm/copyright
-- Installing: C:/vcpkg/packages/glm_x64-windows/share/glm/usage
-- Performing post-build validation
Starting submission of glm:x64-windows@1.0.2 to 1 binary cache(s) in the background
Elapsed time to handle glm:x64-windows: 5.9 s
glm:x64-windows package ABI: 48e42969de3d4abbaeea887326b549aad6fc17c13662c7565d2399a6cdde9d74
Installed contents are licensed to you by owners. Microsoft is not responsible for, nor does it grant any licenses to, third-party packages.
Packages installed in this vcpkg installation declare the following licenses:
MIT
box2d provides CMake targets:

  find_package(box2d CONFIG REQUIRED)
  target_link_libraries(main PRIVATE box2d::box2d)

The package glm provides CMake targets:

    find_package(glm CONFIG REQUIRED)
    target_link_libraries(main PRIVATE glm::glm)

    # Or use the header-only version
    find_package(glm CONFIG REQUIRED)
    target_link_libraries(main PRIVATE glm::glm-header-only)

imgui provides CMake targets:

  # this is heuristically generated, and may not be correct
  find_package(imgui CONFIG REQUIRED)
  target_link_libraries(main PRIVATE imgui::imgui)

imguizmo provides CMake targets:

  # this is heuristically generated, and may not be correct
  find_package(imguizmo CONFIG REQUIRED)
  target_link_libraries(main PRIVATE imguizmo::imguizmo)

implot provides CMake targets:

  # this is heuristically generated, and may not be correct
  find_package(implot CONFIG REQUIRED)
  target_link_libraries(main PRIVATE implot::implot)

nativefiledialog-extended provides CMake targets:

  # this is heuristically generated, and may not be correct
  find_package(nfd CONFIG REQUIRED)
  target_link_libraries(main PRIVATE nfd::nfd)

The package nlohmann-json provides CMake targets:

    find_package(nlohmann_json CONFIG REQUIRED)
    target_link_libraries(main PRIVATE nlohmann_json::nlohmann_json)

The package nlohmann-json can be configured to not provide implicit conversions via a custom triplet file:

    set(nlohmann-json_IMPLICIT_CONVERSIONS OFF)

For more information, see the docs here:
    
    https://json.nlohmann.me/api/macros/json_use_implicit_conversions/

sdl2 provides CMake targets:

    find_package(SDL2 CONFIG REQUIRED)
    target_link_libraries(main
        PRIVATE
        $<TARGET_NAME_IF_EXISTS:SDL2::SDL2main>
        $<IF:$<TARGET_EXISTS:SDL2::SDL2>,SDL2::SDL2,SDL2::SDL2-static>
    )

sdl2-image provides CMake targets:

    find_package(SDL2_image CONFIG REQUIRED)
    target_link_libraries(main PRIVATE $<IF:$<TARGET_EXISTS:SDL2_image::SDL2_image>,SDL2_image::SDL2_image,SDL2_image::SDL2_image-static>)

sdl2-mixer provides CMake targets:

    find_package(SDL2_mixer CONFIG REQUIRED)
    target_link_libraries(main PRIVATE $<IF:$<TARGET_EXISTS:SDL2_mixer::SDL2_mixer>,SDL2_mixer::SDL2_mixer,SDL2_mixer::SDL2_mixer-static>)

sdl2-ttf provides CMake targets:

    find_package(SDL2_ttf CONFIG REQUIRED)
    target_link_libraries(main PRIVATE $<IF:$<TARGET_EXISTS:SDL2_ttf::SDL2_ttf>,SDL2_ttf::SDL2_ttf,SDL2_ttf::SDL2_ttf-static>)

Waiting for 1 remaining binary cache submissions...
Completed submission of glm:x64-windows@1.0.2 to 1 binary cache(s) in 231 ms (1/1)
All requested installations completed successfully in: 5.9 s
